<?xml version="1.0" encoding="UTF-8"?>
<testsuite name="com.pjh.board.springboot.web.HelloControllerTest" tests="2" skipped="0" failures="0" errors="0" timestamp="2020-03-11T06:36:45" hostname="DESKTOP-B7QEUCE" time="0.039">
  <properties/>
  <testcase name="hello가_리턴된다" classname="com.pjh.board.springboot.web.HelloControllerTest" time="0.013"/>
  <testcase name="helloDto가_리턴된다" classname="com.pjh.board.springboot.web.HelloControllerTest" time="0.025"/>
  <system-out><![CDATA[2020-03-11 15:36:45.109  INFO 1480 --- [    Test worker] .b.t.a.w.s.WebMvcTestContextBootstrapper : Neither @ContextConfiguration nor @ContextHierarchy found for test class [com.pjh.board.springboot.web.HelloControllerTest], using SpringBootContextLoader
2020-03-11 15:36:45.110  INFO 1480 --- [    Test worker] o.s.t.c.support.AbstractContextLoader    : Could not detect default resource locations for test class [com.pjh.board.springboot.web.HelloControllerTest]: no resource found for suffixes {-context.xml, Context.groovy}.
2020-03-11 15:36:45.110  INFO 1480 --- [    Test worker] t.c.s.AnnotationConfigContextLoaderUtils : Could not detect default configuration classes for test class [com.pjh.board.springboot.web.HelloControllerTest]: HelloControllerTest does not declare any static, non-private, non-final, nested classes annotated with @Configuration.
2020-03-11 15:36:45.127  INFO 1480 --- [    Test worker] .b.t.c.SpringBootTestContextBootstrapper : Found @SpringBootConfiguration com.pjh.board.springboot.Application for test class com.pjh.board.springboot.web.HelloControllerTest
2020-03-11 15:36:45.127  INFO 1480 --- [    Test worker] .b.t.a.w.s.WebMvcTestContextBootstrapper : Loaded default TestExecutionListener class names from location [META-INF/spring.factories]: [org.springframework.security.test.context.support.WithSecurityContextTestExecutionListener, org.springframework.security.test.context.support.ReactorContextTestExecutionListener, org.springframework.boot.test.autoconfigure.restdocs.RestDocsTestExecutionListener, org.springframework.boot.test.autoconfigure.web.client.MockRestServiceServerResetTestExecutionListener, org.springframework.boot.test.autoconfigure.web.servlet.MockMvcPrintOnlyOnFailureTestExecutionListener, org.springframework.boot.test.autoconfigure.web.servlet.WebDriverTestExecutionListener, org.springframework.boot.test.mock.mockito.MockitoTestExecutionListener, org.springframework.boot.test.mock.mockito.ResetMocksTestExecutionListener, org.springframework.test.context.web.ServletTestExecutionListener, org.springframework.test.context.support.DirtiesContextBeforeModesTestExecutionListener, org.springframework.test.context.support.DependencyInjectionTestExecutionListener, org.springframework.test.context.support.DirtiesContextTestExecutionListener, org.springframework.test.context.transaction.TransactionalTestExecutionListener, org.springframework.test.context.jdbc.SqlScriptsTestExecutionListener]
2020-03-11 15:36:45.128  INFO 1480 --- [    Test worker] .b.t.a.w.s.WebMvcTestContextBootstrapper : Using TestExecutionListeners: [org.springframework.test.context.web.ServletTestExecutionListener@6b8c4afb, org.springframework.test.context.support.DirtiesContextBeforeModesTestExecutionListener@2ee3e5f, org.springframework.boot.test.mock.mockito.MockitoTestExecutionListener@71d4f5cb, org.springframework.boot.test.autoconfigure.SpringBootDependencyInjectionTestExecutionListener@535e8e7b, org.springframework.test.context.support.DirtiesContextTestExecutionListener@5a0ccd79, org.springframework.test.context.transaction.TransactionalTestExecutionListener@29630ca1, org.springframework.test.context.jdbc.SqlScriptsTestExecutionListener@7f4fceeb, org.springframework.security.test.context.support.WithSecurityContextTestExecutionListener@58c5aa2f, org.springframework.security.test.context.support.ReactorContextTestExecutionListener@641ec34b, org.springframework.boot.test.autoconfigure.restdocs.RestDocsTestExecutionListener@55a9dd6d, org.springframework.boot.test.autoconfigure.web.client.MockRestServiceServerResetTestExecutionListener@541079a5, org.springframework.boot.test.autoconfigure.web.servlet.MockMvcPrintOnlyOnFailureTestExecutionListener@21f125da, org.springframework.boot.test.autoconfigure.web.servlet.WebDriverTestExecutionListener@33e7ae34, org.springframework.boot.test.mock.mockito.ResetMocksTestExecutionListener@28be4f90]

  .   ____          _            __ _ _
 /\\ / ___'_ __ _ _(_)_ __  __ _ \ \ \ \
( ( )\___ | '_ | '_| | '_ \/ _` | \ \ \ \
 \\/  ___)| |_)| | | | | || (_| |  ) ) ) )
  '  |____| .__|_| |_|_| |_\__, | / / / /
 =========|_|==============|___/=/_/_/_/
 :: Spring Boot ::        (v2.1.7.RELEASE)

2020-03-11 15:36:45.159  INFO 1480 --- [    Test worker] c.p.b.s.web.HelloControllerTest          : Starting HelloControllerTest on DESKTOP-B7QEUCE with PID 1480 (started by Master in C:\Users\Master\IdeaProjects\springboot-webservice-board)
2020-03-11 15:36:45.159  INFO 1480 --- [    Test worker] c.p.b.s.web.HelloControllerTest          : No active profile set, falling back to default profiles: default
2020-03-11 15:36:45.512  INFO 1480 --- [    Test worker] o.s.s.concurrent.ThreadPoolTaskExecutor  : Initializing ExecutorService 'applicationTaskExecutor'
2020-03-11 15:36:45.548  INFO 1480 --- [    Test worker] o.s.b.a.w.s.WelcomePageHandlerMapping    : Adding welcome page template: index
2020-03-11 15:36:45.706  INFO 1480 --- [    Test worker] .s.s.UserDetailsServiceAutoConfiguration : 

Using generated security password: 268ee978-1117-4261-ad4f-cefca109d7f6

2020-03-11 15:36:45.820  INFO 1480 --- [    Test worker] o.s.s.web.DefaultSecurityFilterChain     : Creating filter chain: any request, [org.springframework.security.web.context.request.async.WebAsyncManagerIntegrationFilter@1eb81ba0, org.springframework.security.web.context.SecurityContextPersistenceFilter@5b6fdfeb, org.springframework.security.web.header.HeaderWriterFilter@6fce0940, org.springframework.security.web.csrf.CsrfFilter@70755dc9, org.springframework.security.web.authentication.logout.LogoutFilter@66a12a90, org.springframework.security.web.authentication.UsernamePasswordAuthenticationFilter@2bb209c, org.springframework.security.web.authentication.ui.DefaultLoginPageGeneratingFilter@70b951, org.springframework.security.web.authentication.ui.DefaultLogoutPageGeneratingFilter@2fa943a6, org.springframework.security.web.authentication.www.BasicAuthenticationFilter@7015ba1, org.springframework.security.web.savedrequest.RequestCacheAwareFilter@56fec92c, org.springframework.security.web.servletapi.SecurityContextHolderAwareRequestFilter@49654eba, org.springframework.security.web.authentication.AnonymousAuthenticationFilter@2278c9a1, org.springframework.security.web.session.SessionManagementFilter@350f8a65, org.springframework.security.web.access.ExceptionTranslationFilter@2355d92b, org.springframework.security.web.access.intercept.FilterSecurityInterceptor@145ad8ae]
2020-03-11 15:36:45.830  INFO 1480 --- [    Test worker] o.s.b.t.m.w.SpringBootMockServletContext : Initializing Spring TestDispatcherServlet ''
2020-03-11 15:36:45.830  INFO 1480 --- [    Test worker] o.s.t.web.servlet.TestDispatcherServlet  : Initializing Servlet ''
2020-03-11 15:36:45.838  INFO 1480 --- [    Test worker] o.s.t.web.servlet.TestDispatcherServlet  : Completed initialization in 8 ms
2020-03-11 15:36:45.862  INFO 1480 --- [    Test worker] c.p.b.s.web.HelloControllerTest          : Started HelloControllerTest in 0.732 seconds (JVM running for 9.534)
]]></system-out>
  <system-err><![CDATA[]]></system-err>
</testsuite>
