<?xml version="1.0" encoding="UTF-8"?>
<testsuite name="com.pjh.board.springboot.web.HelloControllerTest" tests="2" skipped="0" failures="0" errors="0" timestamp="2020-04-01T10:15:26" hostname="DESKTOP-B7QEUCE" time="0.044">
  <properties/>
  <testcase name="hello가_리턴된다" classname="com.pjh.board.springboot.web.HelloControllerTest" time="0.016"/>
  <testcase name="helloDto가_리턴된다" classname="com.pjh.board.springboot.web.HelloControllerTest" time="0.028"/>
  <system-out><![CDATA[2020-04-01 19:15:25.568  INFO 19256 --- [    Test worker] .b.t.a.w.s.WebMvcTestContextBootstrapper : Neither @ContextConfiguration nor @ContextHierarchy found for test class [com.pjh.board.springboot.web.HelloControllerTest], using SpringBootContextLoader
2020-04-01 19:15:25.570  INFO 19256 --- [    Test worker] o.s.t.c.support.AbstractContextLoader    : Could not detect default resource locations for test class [com.pjh.board.springboot.web.HelloControllerTest]: no resource found for suffixes {-context.xml, Context.groovy}.
2020-04-01 19:15:25.571  INFO 19256 --- [    Test worker] t.c.s.AnnotationConfigContextLoaderUtils : Could not detect default configuration classes for test class [com.pjh.board.springboot.web.HelloControllerTest]: HelloControllerTest does not declare any static, non-private, non-final, nested classes annotated with @Configuration.
2020-04-01 19:15:25.599  INFO 19256 --- [    Test worker] .b.t.c.SpringBootTestContextBootstrapper : Found @SpringBootConfiguration com.pjh.board.springboot.Application for test class com.pjh.board.springboot.web.HelloControllerTest
2020-04-01 19:15:25.600  INFO 19256 --- [    Test worker] .b.t.a.w.s.WebMvcTestContextBootstrapper : Loaded default TestExecutionListener class names from location [META-INF/spring.factories]: [org.springframework.security.test.context.support.WithSecurityContextTestExecutionListener, org.springframework.security.test.context.support.ReactorContextTestExecutionListener, org.springframework.boot.test.autoconfigure.restdocs.RestDocsTestExecutionListener, org.springframework.boot.test.autoconfigure.web.client.MockRestServiceServerResetTestExecutionListener, org.springframework.boot.test.autoconfigure.web.servlet.MockMvcPrintOnlyOnFailureTestExecutionListener, org.springframework.boot.test.autoconfigure.web.servlet.WebDriverTestExecutionListener, org.springframework.boot.test.mock.mockito.MockitoTestExecutionListener, org.springframework.boot.test.mock.mockito.ResetMocksTestExecutionListener, org.springframework.test.context.web.ServletTestExecutionListener, org.springframework.test.context.support.DirtiesContextBeforeModesTestExecutionListener, org.springframework.test.context.support.DependencyInjectionTestExecutionListener, org.springframework.test.context.support.DirtiesContextTestExecutionListener, org.springframework.test.context.transaction.TransactionalTestExecutionListener, org.springframework.test.context.jdbc.SqlScriptsTestExecutionListener]
2020-04-01 19:15:25.609  INFO 19256 --- [    Test worker] .b.t.a.w.s.WebMvcTestContextBootstrapper : Using TestExecutionListeners: [org.springframework.test.context.web.ServletTestExecutionListener@77dfd185, org.springframework.test.context.support.DirtiesContextBeforeModesTestExecutionListener@6246b5bf, org.springframework.boot.test.mock.mockito.MockitoTestExecutionListener@4584b1ad, org.springframework.boot.test.autoconfigure.SpringBootDependencyInjectionTestExecutionListener@58b6676a, org.springframework.test.context.support.DirtiesContextTestExecutionListener@51ecc600, org.springframework.test.context.transaction.TransactionalTestExecutionListener@6506acf, org.springframework.test.context.jdbc.SqlScriptsTestExecutionListener@66b9ba71, org.springframework.security.test.context.support.WithSecurityContextTestExecutionListener@ddf1cfb, org.springframework.security.test.context.support.ReactorContextTestExecutionListener@3a340786, org.springframework.boot.test.autoconfigure.restdocs.RestDocsTestExecutionListener@3fb7141d, org.springframework.boot.test.autoconfigure.web.client.MockRestServiceServerResetTestExecutionListener@14f65ba8, org.springframework.boot.test.autoconfigure.web.servlet.MockMvcPrintOnlyOnFailureTestExecutionListener@613bb509, org.springframework.boot.test.autoconfigure.web.servlet.WebDriverTestExecutionListener@7ba9869f, org.springframework.boot.test.mock.mockito.ResetMocksTestExecutionListener@7cb9720b]

  .   ____          _            __ _ _
 /\\ / ___'_ __ _ _(_)_ __  __ _ \ \ \ \
( ( )\___ | '_ | '_| | '_ \/ _` | \ \ \ \
 \\/  ___)| |_)| | | | | || (_| |  ) ) ) )
  '  |____| .__|_| |_|_| |_\__, | / / / /
 =========|_|==============|___/=/_/_/_/
 :: Spring Boot ::        (v2.1.7.RELEASE)

2020-04-01 19:15:25.682  INFO 19256 --- [    Test worker] c.p.b.s.web.HelloControllerTest          : Starting HelloControllerTest on DESKTOP-B7QEUCE with PID 19256 (started by Master in C:\Users\Master\IdeaProjects\springboot-webservice-board)
2020-04-01 19:15:25.683  INFO 19256 --- [    Test worker] c.p.b.s.web.HelloControllerTest          : No active profile set, falling back to default profiles: default
2020-04-01 19:15:26.081  INFO 19256 --- [    Test worker] o.s.s.concurrent.ThreadPoolTaskExecutor  : Initializing ExecutorService 'applicationTaskExecutor'
2020-04-01 19:15:26.111  INFO 19256 --- [    Test worker] o.s.b.a.w.s.WelcomePageHandlerMapping    : Adding welcome page template: index
2020-04-01 19:15:26.286  INFO 19256 --- [    Test worker] .s.s.UserDetailsServiceAutoConfiguration : 

Using generated security password: e14f842e-e975-4fad-9cfe-db2966dd1435

2020-04-01 19:15:26.401  INFO 19256 --- [    Test worker] o.s.s.web.DefaultSecurityFilterChain     : Creating filter chain: any request, [org.springframework.security.web.context.request.async.WebAsyncManagerIntegrationFilter@1c102012, org.springframework.security.web.context.SecurityContextPersistenceFilter@fc7230e, org.springframework.security.web.header.HeaderWriterFilter@8dd4509, org.springframework.security.web.csrf.CsrfFilter@671a15b9, org.springframework.security.web.authentication.logout.LogoutFilter@2a7c4691, org.springframework.security.web.authentication.UsernamePasswordAuthenticationFilter@778c8216, org.springframework.security.web.authentication.ui.DefaultLoginPageGeneratingFilter@416aad41, org.springframework.security.web.authentication.ui.DefaultLogoutPageGeneratingFilter@66c43c13, org.springframework.security.web.authentication.www.BasicAuthenticationFilter@66bccdc9, org.springframework.security.web.savedrequest.RequestCacheAwareFilter@750579ef, org.springframework.security.web.servletapi.SecurityContextHolderAwareRequestFilter@17929f4b, org.springframework.security.web.authentication.AnonymousAuthenticationFilter@66966787, org.springframework.security.web.session.SessionManagementFilter@3f5d3e76, org.springframework.security.web.access.ExceptionTranslationFilter@47a7a3ea, org.springframework.security.web.access.intercept.FilterSecurityInterceptor@eacfcdf]
2020-04-01 19:15:26.414  INFO 19256 --- [    Test worker] o.s.b.t.m.w.SpringBootMockServletContext : Initializing Spring TestDispatcherServlet ''
2020-04-01 19:15:26.414  INFO 19256 --- [    Test worker] o.s.t.web.servlet.TestDispatcherServlet  : Initializing Servlet ''
2020-04-01 19:15:26.424  INFO 19256 --- [    Test worker] o.s.t.web.servlet.TestDispatcherServlet  : Completed initialization in 10 ms
2020-04-01 19:15:26.449  INFO 19256 --- [    Test worker] c.p.b.s.web.HelloControllerTest          : Started HelloControllerTest in 0.836 seconds (JVM running for 9.826)
]]></system-out>
  <system-err><![CDATA[]]></system-err>
</testsuite>
