<?xml version="1.0" encoding="UTF-8"?>
<testsuite name="com.pjh.board.springboot.web.PostsApiControllerTest" tests="2" skipped="0" failures="0" errors="0" timestamp="2020-04-01T10:15:26" hostname="DESKTOP-B7QEUCE" time="0.143">
  <properties/>
  <testcase name="Posts_등록된다" classname="com.pjh.board.springboot.web.PostsApiControllerTest" time="0.019"/>
  <testcase name="Posts_수정된다" classname="com.pjh.board.springboot.web.PostsApiControllerTest" time="0.124"/>
  <system-out><![CDATA[2020-04-01 19:15:26.497  INFO 19256 --- [    Test worker] .b.t.c.SpringBootTestContextBootstrapper : Neither @ContextConfiguration nor @ContextHierarchy found for test class [com.pjh.board.springboot.web.PostsApiControllerTest], using SpringBootContextLoader
2020-04-01 19:15:26.498  INFO 19256 --- [    Test worker] o.s.t.c.support.AbstractContextLoader    : Could not detect default resource locations for test class [com.pjh.board.springboot.web.PostsApiControllerTest]: no resource found for suffixes {-context.xml, Context.groovy}.
2020-04-01 19:15:26.498  INFO 19256 --- [    Test worker] t.c.s.AnnotationConfigContextLoaderUtils : Could not detect default configuration classes for test class [com.pjh.board.springboot.web.PostsApiControllerTest]: PostsApiControllerTest does not declare any static, non-private, non-final, nested classes annotated with @Configuration.
2020-04-01 19:15:26.500  INFO 19256 --- [    Test worker] .b.t.c.SpringBootTestContextBootstrapper : Found @SpringBootConfiguration com.pjh.board.springboot.Application for test class com.pjh.board.springboot.web.PostsApiControllerTest
2020-04-01 19:15:26.501  INFO 19256 --- [    Test worker] .b.t.c.SpringBootTestContextBootstrapper : Loaded default TestExecutionListener class names from location [META-INF/spring.factories]: [org.springframework.security.test.context.support.WithSecurityContextTestExecutionListener, org.springframework.security.test.context.support.ReactorContextTestExecutionListener, org.springframework.boot.test.autoconfigure.restdocs.RestDocsTestExecutionListener, org.springframework.boot.test.autoconfigure.web.client.MockRestServiceServerResetTestExecutionListener, org.springframework.boot.test.autoconfigure.web.servlet.MockMvcPrintOnlyOnFailureTestExecutionListener, org.springframework.boot.test.autoconfigure.web.servlet.WebDriverTestExecutionListener, org.springframework.boot.test.mock.mockito.MockitoTestExecutionListener, org.springframework.boot.test.mock.mockito.ResetMocksTestExecutionListener, org.springframework.test.context.web.ServletTestExecutionListener, org.springframework.test.context.support.DirtiesContextBeforeModesTestExecutionListener, org.springframework.test.context.support.DependencyInjectionTestExecutionListener, org.springframework.test.context.support.DirtiesContextTestExecutionListener, org.springframework.test.context.transaction.TransactionalTestExecutionListener, org.springframework.test.context.jdbc.SqlScriptsTestExecutionListener]
2020-04-01 19:15:26.502  INFO 19256 --- [    Test worker] .b.t.c.SpringBootTestContextBootstrapper : Using TestExecutionListeners: [org.springframework.test.context.web.ServletTestExecutionListener@2e5e49b, org.springframework.test.context.support.DirtiesContextBeforeModesTestExecutionListener@33d08edb, org.springframework.boot.test.mock.mockito.MockitoTestExecutionListener@52b79a4, org.springframework.boot.test.autoconfigure.SpringBootDependencyInjectionTestExecutionListener@4b4c5303, org.springframework.test.context.support.DirtiesContextTestExecutionListener@6620a7cd, org.springframework.test.context.transaction.TransactionalTestExecutionListener@51b14b84, org.springframework.test.context.jdbc.SqlScriptsTestExecutionListener@f89ee4f, org.springframework.security.test.context.support.WithSecurityContextTestExecutionListener@267470f6, org.springframework.security.test.context.support.ReactorContextTestExecutionListener@4589a53a, org.springframework.boot.test.autoconfigure.restdocs.RestDocsTestExecutionListener@1e3f3b64, org.springframework.boot.test.autoconfigure.web.client.MockRestServiceServerResetTestExecutionListener@5e84457a, org.springframework.boot.test.autoconfigure.web.servlet.MockMvcPrintOnlyOnFailureTestExecutionListener@5bf26d9c, org.springframework.boot.test.autoconfigure.web.servlet.WebDriverTestExecutionListener@53dab3ad, org.springframework.boot.test.mock.mockito.ResetMocksTestExecutionListener@345956a9]
2020-04-01 19:15:26.506  INFO 19256 --- [    Test worker] o.a.c.c.C.[Tomcat].[localhost].[/]       : Initializing Spring TestDispatcherServlet ''
2020-04-01 19:15:26.507  INFO 19256 --- [    Test worker] o.s.t.web.servlet.TestDispatcherServlet  : Initializing Servlet ''
2020-04-01 19:15:26.510  INFO 19256 --- [    Test worker] o.s.t.web.servlet.TestDispatcherServlet  : Completed initialization in 3 ms
2020-04-01 19:15:26.526  INFO 19256 --- [    Test worker] o.a.c.c.C.[Tomcat].[localhost].[/]       : Initializing Spring TestDispatcherServlet ''
2020-04-01 19:15:26.526  INFO 19256 --- [    Test worker] o.s.t.web.servlet.TestDispatcherServlet  : Initializing Servlet ''
2020-04-01 19:15:26.528  INFO 19256 --- [    Test worker] o.s.t.web.servlet.TestDispatcherServlet  : Completed initialization in 2 ms
2020-04-01 19:15:26.611  INFO 19256 --- [o-auto-1-exec-1] o.a.c.c.C.[Tomcat].[localhost].[/]       : Initializing Spring DispatcherServlet 'dispatcherServlet'
2020-04-01 19:15:26.611  INFO 19256 --- [o-auto-1-exec-1] o.s.web.servlet.DispatcherServlet        : Initializing Servlet 'dispatcherServlet'
2020-04-01 19:15:26.614  INFO 19256 --- [o-auto-1-exec-1] o.s.web.servlet.DispatcherServlet        : Completed initialization in 3 ms
]]></system-out>
  <system-err><![CDATA[]]></system-err>
</testsuite>
