<?xml version="1.0" encoding="UTF-8"?>
<testsuite name="com.pjh.board.springboot.web.PostsApiControllerTest" tests="2" skipped="0" failures="0" errors="0" timestamp="2020-03-11T06:36:42" hostname="DESKTOP-B7QEUCE" time="0.526">
  <properties/>
  <testcase name="Posts_등록된다" classname="com.pjh.board.springboot.web.PostsApiControllerTest" time="0.399"/>
  <testcase name="Posts_수정된다" classname="com.pjh.board.springboot.web.PostsApiControllerTest" time="0.126"/>
  <system-out><![CDATA[15:36:36.967 [Test worker] DEBUG org.springframework.test.context.junit4.SpringJUnit4ClassRunner - SpringJUnit4ClassRunner constructor called with [class com.pjh.board.springboot.web.PostsApiControllerTest]
15:36:36.973 [Test worker] DEBUG org.springframework.test.context.BootstrapUtils - Instantiating CacheAwareContextLoaderDelegate from class [org.springframework.test.context.cache.DefaultCacheAwareContextLoaderDelegate]
15:36:36.980 [Test worker] DEBUG org.springframework.test.context.BootstrapUtils - Instantiating BootstrapContext using constructor [public org.springframework.test.context.support.DefaultBootstrapContext(java.lang.Class,org.springframework.test.context.CacheAwareContextLoaderDelegate)]
15:36:37.000 [Test worker] DEBUG org.springframework.test.context.BootstrapUtils - Instantiating TestContextBootstrapper for test class [com.pjh.board.springboot.web.PostsApiControllerTest] from class [org.springframework.boot.test.context.SpringBootTestContextBootstrapper]
15:36:37.011 [Test worker] INFO org.springframework.boot.test.context.SpringBootTestContextBootstrapper - Neither @ContextConfiguration nor @ContextHierarchy found for test class [com.pjh.board.springboot.web.PostsApiControllerTest], using SpringBootContextLoader
15:36:37.015 [Test worker] DEBUG org.springframework.test.context.support.AbstractContextLoader - Did not detect default resource location for test class [com.pjh.board.springboot.web.PostsApiControllerTest]: class path resource [com/pjh/board/springboot/web/PostsApiControllerTest-context.xml] does not exist
15:36:37.016 [Test worker] DEBUG org.springframework.test.context.support.AbstractContextLoader - Did not detect default resource location for test class [com.pjh.board.springboot.web.PostsApiControllerTest]: class path resource [com/pjh/board/springboot/web/PostsApiControllerTestContext.groovy] does not exist
15:36:37.016 [Test worker] INFO org.springframework.test.context.support.AbstractContextLoader - Could not detect default resource locations for test class [com.pjh.board.springboot.web.PostsApiControllerTest]: no resource found for suffixes {-context.xml, Context.groovy}.
15:36:37.017 [Test worker] INFO org.springframework.test.context.support.AnnotationConfigContextLoaderUtils - Could not detect default configuration classes for test class [com.pjh.board.springboot.web.PostsApiControllerTest]: PostsApiControllerTest does not declare any static, non-private, non-final, nested classes annotated with @Configuration.
15:36:37.052 [Test worker] DEBUG org.springframework.test.context.support.ActiveProfilesUtils - Could not find an 'annotation declaring class' for annotation type [org.springframework.test.context.ActiveProfiles] and class [com.pjh.board.springboot.web.PostsApiControllerTest]
15:36:37.136 [Test worker] DEBUG org.springframework.context.annotation.ClassPathScanningCandidateComponentProvider - Identified candidate component class: file [C:\Users\Master\IdeaProjects\springboot-webservice-board\build\classes\java\main\com\pjh\board\springboot\Application.class]
15:36:37.137 [Test worker] INFO org.springframework.boot.test.context.SpringBootTestContextBootstrapper - Found @SpringBootConfiguration com.pjh.board.springboot.Application for test class com.pjh.board.springboot.web.PostsApiControllerTest
15:36:37.225 [Test worker] DEBUG org.springframework.boot.test.context.SpringBootTestContextBootstrapper - @TestExecutionListeners is not present for class [com.pjh.board.springboot.web.PostsApiControllerTest]: using defaults.
15:36:37.226 [Test worker] INFO org.springframework.boot.test.context.SpringBootTestContextBootstrapper - Loaded default TestExecutionListener class names from location [META-INF/spring.factories]: [org.springframework.security.test.context.support.WithSecurityContextTestExecutionListener, org.springframework.security.test.context.support.ReactorContextTestExecutionListener, org.springframework.boot.test.autoconfigure.restdocs.RestDocsTestExecutionListener, org.springframework.boot.test.autoconfigure.web.client.MockRestServiceServerResetTestExecutionListener, org.springframework.boot.test.autoconfigure.web.servlet.MockMvcPrintOnlyOnFailureTestExecutionListener, org.springframework.boot.test.autoconfigure.web.servlet.WebDriverTestExecutionListener, org.springframework.boot.test.mock.mockito.MockitoTestExecutionListener, org.springframework.boot.test.mock.mockito.ResetMocksTestExecutionListener, org.springframework.test.context.web.ServletTestExecutionListener, org.springframework.test.context.support.DirtiesContextBeforeModesTestExecutionListener, org.springframework.test.context.support.DependencyInjectionTestExecutionListener, org.springframework.test.context.support.DirtiesContextTestExecutionListener, org.springframework.test.context.transaction.TransactionalTestExecutionListener, org.springframework.test.context.jdbc.SqlScriptsTestExecutionListener]
15:36:37.245 [Test worker] INFO org.springframework.boot.test.context.SpringBootTestContextBootstrapper - Using TestExecutionListeners: [org.springframework.test.context.web.ServletTestExecutionListener@56c1c232, org.springframework.test.context.support.DirtiesContextBeforeModesTestExecutionListener@71435b83, org.springframework.boot.test.mock.mockito.MockitoTestExecutionListener@a65a727, org.springframework.boot.test.autoconfigure.SpringBootDependencyInjectionTestExecutionListener@7f5fa3cd, org.springframework.test.context.support.DirtiesContextTestExecutionListener@27d73e46, org.springframework.test.context.transaction.TransactionalTestExecutionListener@4c23f67c, org.springframework.test.context.jdbc.SqlScriptsTestExecutionListener@6b582c40, org.springframework.security.test.context.support.WithSecurityContextTestExecutionListener@691bbb2d, org.springframework.security.test.context.support.ReactorContextTestExecutionListener@77208d46, org.springframework.boot.test.autoconfigure.restdocs.RestDocsTestExecutionListener@246315c8, org.springframework.boot.test.autoconfigure.web.client.MockRestServiceServerResetTestExecutionListener@e730728, org.springframework.boot.test.autoconfigure.web.servlet.MockMvcPrintOnlyOnFailureTestExecutionListener@3a851718, org.springframework.boot.test.autoconfigure.web.servlet.WebDriverTestExecutionListener@493ce7b3, org.springframework.boot.test.mock.mockito.ResetMocksTestExecutionListener@75cd6609]
15:36:37.247 [Test worker] DEBUG org.springframework.test.annotation.ProfileValueUtils - Retrieved @ProfileValueSourceConfiguration [null] for test class [com.pjh.board.springboot.web.PostsApiControllerTest]
15:36:37.248 [Test worker] DEBUG org.springframework.test.annotation.ProfileValueUtils - Retrieved ProfileValueSource type [class org.springframework.test.annotation.SystemProfileValueSource] for class [com.pjh.board.springboot.web.PostsApiControllerTest]
15:36:37.249 [Test worker] DEBUG org.springframework.test.annotation.ProfileValueUtils - Retrieved @ProfileValueSourceConfiguration [null] for test class [com.pjh.board.springboot.web.PostsApiControllerTest]
15:36:37.249 [Test worker] DEBUG org.springframework.test.annotation.ProfileValueUtils - Retrieved ProfileValueSource type [class org.springframework.test.annotation.SystemProfileValueSource] for class [com.pjh.board.springboot.web.PostsApiControllerTest]
15:36:37.253 [Test worker] DEBUG org.springframework.test.context.support.AbstractDirtiesContextTestExecutionListener - Before test class: context [DefaultTestContext@24a89922 testClass = PostsApiControllerTest, testInstance = [null], testMethod = [null], testException = [null], mergedContextConfiguration = [WebMergedContextConfiguration@7c1e5bb7 testClass = PostsApiControllerTest, locations = '{}', classes = '{class com.pjh.board.springboot.Application}', contextInitializerClasses = '[]', activeProfiles = '{}', propertySourceLocations = '{}', propertySourceProperties = '{org.springframework.boot.test.context.SpringBootTestContextBootstrapper=true, server.port=0}', contextCustomizers = set[org.springframework.boot.test.autoconfigure.properties.PropertyMappingContextCustomizer@0, org.springframework.boot.test.autoconfigure.web.servlet.WebDriverContextCustomizerFactory$Customizer@73ab573b, org.springframework.boot.test.context.filter.ExcludeFilterContextCustomizer@4cafb4c2, org.springframework.boot.test.json.DuplicateJsonObjectContextCustomizerFactory$DuplicateJsonObjectContextCustomizer@7e15120, org.springframework.boot.test.mock.mockito.MockitoContextCustomizer@0, org.springframework.boot.test.web.client.TestRestTemplateContextCustomizer@20331e97], resourceBasePath = 'src/main/webapp', contextLoader = 'org.springframework.boot.test.context.SpringBootContextLoader', parent = [null]], attributes = map['org.springframework.test.context.web.ServletTestExecutionListener.activateListener' -> false]], class annotated with @DirtiesContext [false] with mode [null].
15:36:37.254 [Test worker] DEBUG org.springframework.test.annotation.ProfileValueUtils - Retrieved @ProfileValueSourceConfiguration [null] for test class [com.pjh.board.springboot.web.PostsApiControllerTest]
15:36:37.254 [Test worker] DEBUG org.springframework.test.annotation.ProfileValueUtils - Retrieved ProfileValueSource type [class org.springframework.test.annotation.SystemProfileValueSource] for class [com.pjh.board.springboot.web.PostsApiControllerTest]
15:36:37.257 [Test worker] DEBUG org.springframework.test.context.support.DependencyInjectionTestExecutionListener - Performing dependency injection for test context [[DefaultTestContext@24a89922 testClass = PostsApiControllerTest, testInstance = com.pjh.board.springboot.web.PostsApiControllerTest@4bea7485, testMethod = [null], testException = [null], mergedContextConfiguration = [WebMergedContextConfiguration@7c1e5bb7 testClass = PostsApiControllerTest, locations = '{}', classes = '{class com.pjh.board.springboot.Application}', contextInitializerClasses = '[]', activeProfiles = '{}', propertySourceLocations = '{}', propertySourceProperties = '{org.springframework.boot.test.context.SpringBootTestContextBootstrapper=true, server.port=0}', contextCustomizers = set[org.springframework.boot.test.autoconfigure.properties.PropertyMappingContextCustomizer@0, org.springframework.boot.test.autoconfigure.web.servlet.WebDriverContextCustomizerFactory$Customizer@73ab573b, org.springframework.boot.test.context.filter.ExcludeFilterContextCustomizer@4cafb4c2, org.springframework.boot.test.json.DuplicateJsonObjectContextCustomizerFactory$DuplicateJsonObjectContextCustomizer@7e15120, org.springframework.boot.test.mock.mockito.MockitoContextCustomizer@0, org.springframework.boot.test.web.client.TestRestTemplateContextCustomizer@20331e97], resourceBasePath = 'src/main/webapp', contextLoader = 'org.springframework.boot.test.context.SpringBootContextLoader', parent = [null]], attributes = map['org.springframework.test.context.web.ServletTestExecutionListener.activateListener' -> false]]].
15:36:37.273 [Test worker] DEBUG org.springframework.test.context.support.TestPropertySourceUtils - Adding inlined properties to environment: {spring.jmx.enabled=false, org.springframework.boot.test.context.SpringBootTestContextBootstrapper=true, server.port=0}

  .   ____          _            __ _ _
 /\\ / ___'_ __ _ _(_)_ __  __ _ \ \ \ \
( ( )\___ | '_ | '_| | '_ \/ _` | \ \ \ \
 \\/  ___)| |_)| | | | | || (_| |  ) ) ) )
  '  |____| .__|_| |_|_| |_\__, | / / / /
 =========|_|==============|___/=/_/_/_/
 :: Spring Boot ::        (v2.1.7.RELEASE)

2020-03-11 15:36:37.480  INFO 1480 --- [    Test worker] c.p.b.s.web.PostsApiControllerTest       : Starting PostsApiControllerTest on DESKTOP-B7QEUCE with PID 1480 (started by Master in C:\Users\Master\IdeaProjects\springboot-webservice-board)
2020-03-11 15:36:37.481  INFO 1480 --- [    Test worker] c.p.b.s.web.PostsApiControllerTest       : No active profile set, falling back to default profiles: default
2020-03-11 15:36:38.179  INFO 1480 --- [    Test worker] .s.d.r.c.RepositoryConfigurationDelegate : Bootstrapping Spring Data repositories in DEFAULT mode.
2020-03-11 15:36:38.261  INFO 1480 --- [    Test worker] .s.d.r.c.RepositoryConfigurationDelegate : Finished Spring Data repository scanning in 74ms. Found 2 repository interfaces.
2020-03-11 15:36:38.713  INFO 1480 --- [    Test worker] trationDelegate$BeanPostProcessorChecker : Bean 'org.springframework.transaction.annotation.ProxyTransactionManagementConfiguration' of type [org.springframework.transaction.annotation.ProxyTransactionManagementConfiguration$$EnhancerBySpringCGLIB$$fecd580b] is not eligible for getting processed by all BeanPostProcessors (for example: not eligible for auto-proxying)
2020-03-11 15:36:39.079  INFO 1480 --- [    Test worker] o.s.b.w.embedded.tomcat.TomcatWebServer  : Tomcat initialized with port(s): 0 (http)
2020-03-11 15:36:39.104  INFO 1480 --- [    Test worker] o.apache.catalina.core.StandardService   : Starting service [Tomcat]
2020-03-11 15:36:39.105  INFO 1480 --- [    Test worker] org.apache.catalina.core.StandardEngine  : Starting Servlet engine: [Apache Tomcat/9.0.22]
2020-03-11 15:36:39.230  INFO 1480 --- [    Test worker] o.a.c.c.C.[Tomcat].[localhost].[/]       : Initializing Spring embedded WebApplicationContext
2020-03-11 15:36:39.230  INFO 1480 --- [    Test worker] o.s.web.context.ContextLoader            : Root WebApplicationContext: initialization completed in 1731 ms
2020-03-11 15:36:39.501  INFO 1480 --- [    Test worker] com.zaxxer.hikari.HikariDataSource       : HikariPool-1 - Starting...
2020-03-11 15:36:39.672  INFO 1480 --- [    Test worker] com.zaxxer.hikari.HikariDataSource       : HikariPool-1 - Start completed.
2020-03-11 15:36:39.779  INFO 1480 --- [    Test worker] o.hibernate.jpa.internal.util.LogHelper  : HHH000204: Processing PersistenceUnitInfo [
	name: default
	...]
2020-03-11 15:36:39.853  INFO 1480 --- [    Test worker] org.hibernate.Version                    : HHH000412: Hibernate Core {5.3.10.Final}
2020-03-11 15:36:39.855  INFO 1480 --- [    Test worker] org.hibernate.cfg.Environment            : HHH000206: hibernate.properties not found
2020-03-11 15:36:40.031  INFO 1480 --- [    Test worker] o.hibernate.annotations.common.Version   : HCANN000001: Hibernate Commons Annotations {5.0.4.Final}
2020-03-11 15:36:40.173  INFO 1480 --- [    Test worker] org.hibernate.dialect.Dialect            : HHH000400: Using dialect: org.hibernate.dialect.H2Dialect
2020-03-11 15:36:40.796  INFO 1480 --- [    Test worker] o.h.t.schema.internal.SchemaCreatorImpl  : HHH000476: Executing import script 'org.hibernate.tool.schema.internal.exec.ScriptSourceInputNonExistentImpl@2d8d39f0'
2020-03-11 15:36:40.800  INFO 1480 --- [    Test worker] j.LocalContainerEntityManagerFactoryBean : Initialized JPA EntityManagerFactory for persistence unit 'default'
2020-03-11 15:36:41.613  INFO 1480 --- [    Test worker] o.h.h.i.QueryTranslatorFactoryInitiator  : HHH000397: Using ASTQueryTranslatorFactory
2020-03-11 15:36:42.072  INFO 1480 --- [    Test worker] o.s.s.web.DefaultSecurityFilterChain     : Creating filter chain: any request, [org.springframework.security.web.context.request.async.WebAsyncManagerIntegrationFilter@3724566f, org.springframework.security.web.context.SecurityContextPersistenceFilter@4ce1a3e8, org.springframework.security.web.header.HeaderWriterFilter@220eabef, org.springframework.security.web.authentication.logout.LogoutFilter@c727a8b, org.springframework.security.oauth2.client.web.OAuth2AuthorizationRequestRedirectFilter@1fa14056, org.springframework.security.oauth2.client.web.OAuth2LoginAuthenticationFilter@24fcc0cc, org.springframework.security.web.authentication.ui.DefaultLoginPageGeneratingFilter@691b583e, org.springframework.security.web.authentication.ui.DefaultLogoutPageGeneratingFilter@a8a3e77, org.springframework.security.web.savedrequest.RequestCacheAwareFilter@236e7a64, org.springframework.security.web.servletapi.SecurityContextHolderAwareRequestFilter@1b26209e, org.springframework.security.web.authentication.AnonymousAuthenticationFilter@46539780, org.springframework.security.web.session.SessionManagementFilter@6c5e7ee6, org.springframework.security.web.access.ExceptionTranslationFilter@5bedadf, org.springframework.security.web.access.intercept.FilterSecurityInterceptor@6b5314d6]
2020-03-11 15:36:42.428  INFO 1480 --- [    Test worker] o.s.s.concurrent.ThreadPoolTaskExecutor  : Initializing ExecutorService 'applicationTaskExecutor'
2020-03-11 15:36:42.483  WARN 1480 --- [    Test worker] aWebConfiguration$JpaWebMvcConfiguration : spring.jpa.open-in-view is enabled by default. Therefore, database queries may be performed during view rendering. Explicitly configure spring.jpa.open-in-view to disable this warning
2020-03-11 15:36:42.534  INFO 1480 --- [    Test worker] o.s.b.a.w.s.WelcomePageHandlerMapping    : Adding welcome page template: index
2020-03-11 15:36:42.900  INFO 1480 --- [    Test worker] s.a.ScheduledAnnotationBeanPostProcessor : No TaskScheduler/ScheduledExecutorService bean found for scheduled processing
2020-03-11 15:36:42.925  INFO 1480 --- [    Test worker] o.s.b.w.embedded.tomcat.TomcatWebServer  : Tomcat started on port(s): 50770 (http) with context path ''
2020-03-11 15:36:42.927  INFO 1480 --- [    Test worker] c.p.b.s.web.PostsApiControllerTest       : Started PostsApiControllerTest in 5.653 seconds (JVM running for 6.599)
2020-03-11 15:36:43.007  INFO 1480 --- [    Test worker] o.a.c.c.C.[Tomcat].[localhost].[/]       : Initializing Spring TestDispatcherServlet ''
2020-03-11 15:36:43.008  INFO 1480 --- [    Test worker] o.s.t.web.servlet.TestDispatcherServlet  : Initializing Servlet ''
2020-03-11 15:36:43.022  INFO 1480 --- [    Test worker] o.s.t.web.servlet.TestDispatcherServlet  : Completed initialization in 14 ms
2020-03-11 15:36:43.339  INFO 1480 --- [    Test worker] o.a.c.c.C.[Tomcat].[localhost].[/]       : Initializing Spring TestDispatcherServlet ''
2020-03-11 15:36:43.339  INFO 1480 --- [    Test worker] o.s.t.web.servlet.TestDispatcherServlet  : Initializing Servlet ''
2020-03-11 15:36:43.341  INFO 1480 --- [    Test worker] o.s.t.web.servlet.TestDispatcherServlet  : Completed initialization in 2 ms
2020-03-11 15:36:43.416  INFO 1480 --- [o-auto-1-exec-1] o.a.c.c.C.[Tomcat].[localhost].[/]       : Initializing Spring DispatcherServlet 'dispatcherServlet'
2020-03-11 15:36:43.416  INFO 1480 --- [o-auto-1-exec-1] o.s.web.servlet.DispatcherServlet        : Initializing Servlet 'dispatcherServlet'
2020-03-11 15:36:43.419  INFO 1480 --- [o-auto-1-exec-1] o.s.web.servlet.DispatcherServlet        : Completed initialization in 3 ms
]]></system-out>
  <system-err><![CDATA[]]></system-err>
</testsuite>
