<?xml version="1.0" encoding="UTF-8"?>
<testsuite name="com.pjh.board.springboot.domain.posts.PostRepositoryTest" tests="2" skipped="0" failures="0" errors="0" timestamp="2020-04-01T10:15:25" hostname="DESKTOP-B7QEUCE" time="0.055">
  <properties/>
  <testcase name="게시글저장_불러오기" classname="com.pjh.board.springboot.domain.posts.PostRepositoryTest" time="0.04"/>
  <testcase name="BaseTimeEntity_등록" classname="com.pjh.board.springboot.domain.posts.PostRepositoryTest" time="0.014"/>
  <system-out><![CDATA[2020-04-01 19:15:23.984  INFO 19256 --- [    Test worker] .b.t.c.SpringBootTestContextBootstrapper : Neither @ContextConfiguration nor @ContextHierarchy found for test class [com.pjh.board.springboot.domain.posts.PostRepositoryTest], using SpringBootContextLoader
2020-04-01 19:15:23.985  INFO 19256 --- [    Test worker] o.s.t.c.support.AbstractContextLoader    : Could not detect default resource locations for test class [com.pjh.board.springboot.domain.posts.PostRepositoryTest]: no resource found for suffixes {-context.xml, Context.groovy}.
2020-04-01 19:15:23.985  INFO 19256 --- [    Test worker] t.c.s.AnnotationConfigContextLoaderUtils : Could not detect default configuration classes for test class [com.pjh.board.springboot.domain.posts.PostRepositoryTest]: PostRepositoryTest does not declare any static, non-private, non-final, nested classes annotated with @Configuration.
2020-04-01 19:15:23.994  INFO 19256 --- [    Test worker] .b.t.c.SpringBootTestContextBootstrapper : Found @SpringBootConfiguration com.pjh.board.springboot.Application for test class com.pjh.board.springboot.domain.posts.PostRepositoryTest
2020-04-01 19:15:23.996  INFO 19256 --- [    Test worker] .b.t.c.SpringBootTestContextBootstrapper : Loaded default TestExecutionListener class names from location [META-INF/spring.factories]: [org.springframework.security.test.context.support.WithSecurityContextTestExecutionListener, org.springframework.security.test.context.support.ReactorContextTestExecutionListener, org.springframework.boot.test.autoconfigure.restdocs.RestDocsTestExecutionListener, org.springframework.boot.test.autoconfigure.web.client.MockRestServiceServerResetTestExecutionListener, org.springframework.boot.test.autoconfigure.web.servlet.MockMvcPrintOnlyOnFailureTestExecutionListener, org.springframework.boot.test.autoconfigure.web.servlet.WebDriverTestExecutionListener, org.springframework.boot.test.mock.mockito.MockitoTestExecutionListener, org.springframework.boot.test.mock.mockito.ResetMocksTestExecutionListener, org.springframework.test.context.web.ServletTestExecutionListener, org.springframework.test.context.support.DirtiesContextBeforeModesTestExecutionListener, org.springframework.test.context.support.DependencyInjectionTestExecutionListener, org.springframework.test.context.support.DirtiesContextTestExecutionListener, org.springframework.test.context.transaction.TransactionalTestExecutionListener, org.springframework.test.context.jdbc.SqlScriptsTestExecutionListener]
2020-04-01 19:15:23.997  INFO 19256 --- [    Test worker] .b.t.c.SpringBootTestContextBootstrapper : Using TestExecutionListeners: [org.springframework.test.context.web.ServletTestExecutionListener@744f83a7, org.springframework.test.context.support.DirtiesContextBeforeModesTestExecutionListener@48aa27df, org.springframework.boot.test.mock.mockito.MockitoTestExecutionListener@5d561ad, org.springframework.boot.test.autoconfigure.SpringBootDependencyInjectionTestExecutionListener@4b0edad8, org.springframework.test.context.support.DirtiesContextTestExecutionListener@43d43aa5, org.springframework.test.context.transaction.TransactionalTestExecutionListener@5a5969df, org.springframework.test.context.jdbc.SqlScriptsTestExecutionListener@742fa330, org.springframework.security.test.context.support.WithSecurityContextTestExecutionListener@49ca6f77, org.springframework.security.test.context.support.ReactorContextTestExecutionListener@2ba975f9, org.springframework.boot.test.autoconfigure.restdocs.RestDocsTestExecutionListener@3aaff6c2, org.springframework.boot.test.autoconfigure.web.client.MockRestServiceServerResetTestExecutionListener@3390e484, org.springframework.boot.test.autoconfigure.web.servlet.MockMvcPrintOnlyOnFailureTestExecutionListener@293b8456, org.springframework.boot.test.autoconfigure.web.servlet.WebDriverTestExecutionListener@495d3a35, org.springframework.boot.test.mock.mockito.ResetMocksTestExecutionListener@c01cc3a]

  .   ____          _            __ _ _
 /\\ / ___'_ __ _ _(_)_ __  __ _ \ \ \ \
( ( )\___ | '_ | '_| | '_ \/ _` | \ \ \ \
 \\/  ___)| |_)| | | | | || (_| |  ) ) ) )
  '  |____| .__|_| |_|_| |_\__, | / / / /
 =========|_|==============|___/=/_/_/_/
 :: Spring Boot ::        (v2.1.7.RELEASE)

2020-04-01 19:15:24.031  INFO 19256 --- [    Test worker] c.p.b.s.domain.posts.PostRepositoryTest  : Starting PostRepositoryTest on DESKTOP-B7QEUCE with PID 19256 (started by Master in C:\Users\Master\IdeaProjects\springboot-webservice-board)
2020-04-01 19:15:24.032  INFO 19256 --- [    Test worker] c.p.b.s.domain.posts.PostRepositoryTest  : No active profile set, falling back to default profiles: default
2020-04-01 19:15:24.253  INFO 19256 --- [    Test worker] .s.d.r.c.RepositoryConfigurationDelegate : Bootstrapping Spring Data repositories in DEFAULT mode.
2020-04-01 19:15:24.272  INFO 19256 --- [    Test worker] .s.d.r.c.RepositoryConfigurationDelegate : Finished Spring Data repository scanning in 18ms. Found 3 repository interfaces.
2020-04-01 19:15:24.363  INFO 19256 --- [    Test worker] trationDelegate$BeanPostProcessorChecker : Bean 'org.springframework.transaction.annotation.ProxyTransactionManagementConfiguration' of type [org.springframework.transaction.annotation.ProxyTransactionManagementConfiguration$$EnhancerBySpringCGLIB$$8433902e] is not eligible for getting processed by all BeanPostProcessors (for example: not eligible for auto-proxying)
2020-04-01 19:15:24.430  INFO 19256 --- [    Test worker] com.zaxxer.hikari.HikariDataSource       : HikariPool-2 - Starting...
2020-04-01 19:15:24.431  INFO 19256 --- [    Test worker] com.zaxxer.hikari.HikariDataSource       : HikariPool-2 - Start completed.
2020-04-01 19:15:24.458  INFO 19256 --- [    Test worker] o.hibernate.jpa.internal.util.LogHelper  : HHH000204: Processing PersistenceUnitInfo [
	name: default
	...]
2020-04-01 19:15:24.469  INFO 19256 --- [    Test worker] org.hibernate.dialect.Dialect            : HHH000400: Using dialect: org.hibernate.dialect.H2Dialect
2020-04-01 19:15:24.534  INFO 19256 --- [    Test worker] o.h.t.schema.internal.SchemaCreatorImpl  : HHH000476: Executing import script 'org.hibernate.tool.schema.internal.exec.ScriptSourceInputNonExistentImpl@61c089a0'
2020-04-01 19:15:24.535  INFO 19256 --- [    Test worker] j.LocalContainerEntityManagerFactoryBean : Initialized JPA EntityManagerFactory for persistence unit 'default'
2020-04-01 19:15:24.697  INFO 19256 --- [    Test worker] o.h.h.i.QueryTranslatorFactoryInitiator  : HHH000397: Using ASTQueryTranslatorFactory
2020-04-01 19:15:24.867  INFO 19256 --- [    Test worker] o.s.s.web.DefaultSecurityFilterChain     : Creating filter chain: any request, [org.springframework.security.web.context.request.async.WebAsyncManagerIntegrationFilter@75dc30e8, org.springframework.security.web.context.SecurityContextPersistenceFilter@1a8b3f60, org.springframework.security.web.header.HeaderWriterFilter@228c9091, org.springframework.security.web.authentication.logout.LogoutFilter@50e965ca, org.springframework.security.oauth2.client.web.OAuth2AuthorizationRequestRedirectFilter@38518558, org.springframework.security.oauth2.client.web.OAuth2LoginAuthenticationFilter@5ed91e38, org.springframework.security.web.authentication.ui.DefaultLoginPageGeneratingFilter@135a38fe, org.springframework.security.web.authentication.ui.DefaultLogoutPageGeneratingFilter@6dd884c9, org.springframework.security.web.savedrequest.RequestCacheAwareFilter@7f2f300c, org.springframework.security.web.servletapi.SecurityContextHolderAwareRequestFilter@39613f60, org.springframework.security.web.authentication.AnonymousAuthenticationFilter@5997b76f, org.springframework.security.web.session.SessionManagementFilter@4edc99b3, org.springframework.security.web.access.ExceptionTranslationFilter@132edde0, org.springframework.security.web.access.intercept.FilterSecurityInterceptor@522956ac]
2020-04-01 19:15:25.110  INFO 19256 --- [    Test worker] o.s.s.concurrent.ThreadPoolTaskExecutor  : Initializing ExecutorService 'applicationTaskExecutor'
2020-04-01 19:15:25.123  WARN 19256 --- [    Test worker] aWebConfiguration$JpaWebMvcConfiguration : spring.jpa.open-in-view is enabled by default. Therefore, database queries may be performed during view rendering. Explicitly configure spring.jpa.open-in-view to disable this warning
2020-04-01 19:15:25.151  INFO 19256 --- [    Test worker] o.s.b.a.w.s.WelcomePageHandlerMapping    : Adding welcome page template: index
2020-04-01 19:15:25.484  INFO 19256 --- [    Test worker] s.a.ScheduledAnnotationBeanPostProcessor : No TaskScheduler/ScheduledExecutorService bean found for scheduled processing
2020-04-01 19:15:25.485  INFO 19256 --- [    Test worker] c.p.b.s.domain.posts.PostRepositoryTest  : Started PostRepositoryTest in 1.481 seconds (JVM running for 8.863)
>>>>>>>>>>>>> createDate=2020-04-01T19:15:25.533, modifiedDate=2020-04-01T19:15:25.533
]]></system-out>
  <system-err><![CDATA[]]></system-err>
</testsuite>
