<?xml version="1.0" encoding="UTF-8"?>
<testsuite name="com.pjh.board.springboot.web.profileControllerTest" tests="1" skipped="0" failures="0" errors="0" timestamp="2020-04-01T10:15:26" hostname="DESKTOP-B7QEUCE" time="0.014">
  <properties/>
  <testcase name="profile은_인증없이_호출된다" classname="com.pjh.board.springboot.web.profileControllerTest" time="0.014"/>
  <system-out><![CDATA[2020-04-01 19:15:26.649  INFO 19256 --- [    Test worker] .b.t.c.SpringBootTestContextBootstrapper : Neither @ContextConfiguration nor @ContextHierarchy found for test class [com.pjh.board.springboot.web.profileControllerTest], using SpringBootContextLoader
2020-04-01 19:15:26.650  INFO 19256 --- [    Test worker] o.s.t.c.support.AbstractContextLoader    : Could not detect default resource locations for test class [com.pjh.board.springboot.web.profileControllerTest]: no resource found for suffixes {-context.xml, Context.groovy}.
2020-04-01 19:15:26.650  INFO 19256 --- [    Test worker] t.c.s.AnnotationConfigContextLoaderUtils : Could not detect default configuration classes for test class [com.pjh.board.springboot.web.profileControllerTest]: profileControllerTest does not declare any static, non-private, non-final, nested classes annotated with @Configuration.
2020-04-01 19:15:26.651  INFO 19256 --- [    Test worker] .b.t.c.SpringBootTestContextBootstrapper : Found @SpringBootConfiguration com.pjh.board.springboot.Application for test class com.pjh.board.springboot.web.profileControllerTest
2020-04-01 19:15:26.652  INFO 19256 --- [    Test worker] .b.t.c.SpringBootTestContextBootstrapper : Loaded default TestExecutionListener class names from location [META-INF/spring.factories]: [org.springframework.security.test.context.support.WithSecurityContextTestExecutionListener, org.springframework.security.test.context.support.ReactorContextTestExecutionListener, org.springframework.boot.test.autoconfigure.restdocs.RestDocsTestExecutionListener, org.springframework.boot.test.autoconfigure.web.client.MockRestServiceServerResetTestExecutionListener, org.springframework.boot.test.autoconfigure.web.servlet.MockMvcPrintOnlyOnFailureTestExecutionListener, org.springframework.boot.test.autoconfigure.web.servlet.WebDriverTestExecutionListener, org.springframework.boot.test.mock.mockito.MockitoTestExecutionListener, org.springframework.boot.test.mock.mockito.ResetMocksTestExecutionListener, org.springframework.test.context.web.ServletTestExecutionListener, org.springframework.test.context.support.DirtiesContextBeforeModesTestExecutionListener, org.springframework.test.context.support.DependencyInjectionTestExecutionListener, org.springframework.test.context.support.DirtiesContextTestExecutionListener, org.springframework.test.context.transaction.TransactionalTestExecutionListener, org.springframework.test.context.jdbc.SqlScriptsTestExecutionListener]
2020-04-01 19:15:26.653  INFO 19256 --- [    Test worker] .b.t.c.SpringBootTestContextBootstrapper : Using TestExecutionListeners: [org.springframework.test.context.web.ServletTestExecutionListener@797c6d8f, org.springframework.test.context.support.DirtiesContextBeforeModesTestExecutionListener@45f4dc94, org.springframework.boot.test.mock.mockito.MockitoTestExecutionListener@22a44852, org.springframework.boot.test.autoconfigure.SpringBootDependencyInjectionTestExecutionListener@2b1728b1, org.springframework.test.context.support.DirtiesContextTestExecutionListener@311d2849, org.springframework.test.context.transaction.TransactionalTestExecutionListener@526e4282, org.springframework.test.context.jdbc.SqlScriptsTestExecutionListener@52887645, org.springframework.security.test.context.support.WithSecurityContextTestExecutionListener@40488e05, org.springframework.security.test.context.support.ReactorContextTestExecutionListener@18cfa925, org.springframework.boot.test.autoconfigure.restdocs.RestDocsTestExecutionListener@389582ec, org.springframework.boot.test.autoconfigure.web.client.MockRestServiceServerResetTestExecutionListener@29bee1e5, org.springframework.boot.test.autoconfigure.web.servlet.MockMvcPrintOnlyOnFailureTestExecutionListener@2d027a71, org.springframework.boot.test.autoconfigure.web.servlet.WebDriverTestExecutionListener@48e16875, org.springframework.boot.test.mock.mockito.ResetMocksTestExecutionListener@5cf71167]
]]></system-out>
  <system-err><![CDATA[]]></system-err>
</testsuite>
