<?xml version="1.0" encoding="UTF-8"?>
<testsuite name="com.pjh.board.springboot.web.ReplyApiControllerTest" tests="1" skipped="0" failures="0" errors="0" timestamp="2020-03-23T13:51:43" hostname="DESKTOP-B7QEUCE" time="0.468">
  <properties/>
  <testcase name="PostsAndReply_등록된다" classname="com.pjh.board.springboot.web.ReplyApiControllerTest" time="0.468"/>
  <system-out><![CDATA[22:51:37.139 [Test worker] DEBUG org.springframework.test.context.junit4.SpringJUnit4ClassRunner - SpringJUnit4ClassRunner constructor called with [class com.pjh.board.springboot.web.ReplyApiControllerTest]
22:51:37.146 [Test worker] DEBUG org.springframework.test.context.BootstrapUtils - Instantiating CacheAwareContextLoaderDelegate from class [org.springframework.test.context.cache.DefaultCacheAwareContextLoaderDelegate]
22:51:37.153 [Test worker] DEBUG org.springframework.test.context.BootstrapUtils - Instantiating BootstrapContext using constructor [public org.springframework.test.context.support.DefaultBootstrapContext(java.lang.Class,org.springframework.test.context.CacheAwareContextLoaderDelegate)]
22:51:37.171 [Test worker] DEBUG org.springframework.test.context.BootstrapUtils - Instantiating TestContextBootstrapper for test class [com.pjh.board.springboot.web.ReplyApiControllerTest] from class [org.springframework.boot.test.context.SpringBootTestContextBootstrapper]
22:51:37.181 [Test worker] INFO org.springframework.boot.test.context.SpringBootTestContextBootstrapper - Neither @ContextConfiguration nor @ContextHierarchy found for test class [com.pjh.board.springboot.web.ReplyApiControllerTest], using SpringBootContextLoader
22:51:37.185 [Test worker] DEBUG org.springframework.test.context.support.AbstractContextLoader - Did not detect default resource location for test class [com.pjh.board.springboot.web.ReplyApiControllerTest]: class path resource [com/pjh/board/springboot/web/ReplyApiControllerTest-context.xml] does not exist
22:51:37.185 [Test worker] DEBUG org.springframework.test.context.support.AbstractContextLoader - Did not detect default resource location for test class [com.pjh.board.springboot.web.ReplyApiControllerTest]: class path resource [com/pjh/board/springboot/web/ReplyApiControllerTestContext.groovy] does not exist
22:51:37.186 [Test worker] INFO org.springframework.test.context.support.AbstractContextLoader - Could not detect default resource locations for test class [com.pjh.board.springboot.web.ReplyApiControllerTest]: no resource found for suffixes {-context.xml, Context.groovy}.
22:51:37.187 [Test worker] INFO org.springframework.test.context.support.AnnotationConfigContextLoaderUtils - Could not detect default configuration classes for test class [com.pjh.board.springboot.web.ReplyApiControllerTest]: ReplyApiControllerTest does not declare any static, non-private, non-final, nested classes annotated with @Configuration.
22:51:37.225 [Test worker] DEBUG org.springframework.test.context.support.ActiveProfilesUtils - Could not find an 'annotation declaring class' for annotation type [org.springframework.test.context.ActiveProfiles] and class [com.pjh.board.springboot.web.ReplyApiControllerTest]
22:51:37.317 [Test worker] DEBUG org.springframework.context.annotation.ClassPathScanningCandidateComponentProvider - Identified candidate component class: file [C:\Users\Master\IdeaProjects\springboot-webservice-board\build\classes\java\main\com\pjh\board\springboot\Application.class]
22:51:37.318 [Test worker] INFO org.springframework.boot.test.context.SpringBootTestContextBootstrapper - Found @SpringBootConfiguration com.pjh.board.springboot.Application for test class com.pjh.board.springboot.web.ReplyApiControllerTest
22:51:37.404 [Test worker] DEBUG org.springframework.boot.test.context.SpringBootTestContextBootstrapper - @TestExecutionListeners is not present for class [com.pjh.board.springboot.web.ReplyApiControllerTest]: using defaults.
22:51:37.405 [Test worker] INFO org.springframework.boot.test.context.SpringBootTestContextBootstrapper - Loaded default TestExecutionListener class names from location [META-INF/spring.factories]: [org.springframework.security.test.context.support.WithSecurityContextTestExecutionListener, org.springframework.security.test.context.support.ReactorContextTestExecutionListener, org.springframework.boot.test.autoconfigure.restdocs.RestDocsTestExecutionListener, org.springframework.boot.test.autoconfigure.web.client.MockRestServiceServerResetTestExecutionListener, org.springframework.boot.test.autoconfigure.web.servlet.MockMvcPrintOnlyOnFailureTestExecutionListener, org.springframework.boot.test.autoconfigure.web.servlet.WebDriverTestExecutionListener, org.springframework.boot.test.mock.mockito.MockitoTestExecutionListener, org.springframework.boot.test.mock.mockito.ResetMocksTestExecutionListener, org.springframework.test.context.web.ServletTestExecutionListener, org.springframework.test.context.support.DirtiesContextBeforeModesTestExecutionListener, org.springframework.test.context.support.DependencyInjectionTestExecutionListener, org.springframework.test.context.support.DirtiesContextTestExecutionListener, org.springframework.test.context.transaction.TransactionalTestExecutionListener, org.springframework.test.context.jdbc.SqlScriptsTestExecutionListener]
22:51:37.426 [Test worker] INFO org.springframework.boot.test.context.SpringBootTestContextBootstrapper - Using TestExecutionListeners: [org.springframework.test.context.web.ServletTestExecutionListener@5484267a, org.springframework.test.context.support.DirtiesContextBeforeModesTestExecutionListener@7488083, org.springframework.boot.test.mock.mockito.MockitoTestExecutionListener@47fe638b, org.springframework.boot.test.autoconfigure.SpringBootDependencyInjectionTestExecutionListener@3651f982, org.springframework.test.context.support.DirtiesContextTestExecutionListener@4393bec4, org.springframework.test.context.transaction.TransactionalTestExecutionListener@1c62ad, org.springframework.test.context.jdbc.SqlScriptsTestExecutionListener@34caab1e, org.springframework.security.test.context.support.WithSecurityContextTestExecutionListener@deec9ec, org.springframework.security.test.context.support.ReactorContextTestExecutionListener@5355330b, org.springframework.boot.test.autoconfigure.restdocs.RestDocsTestExecutionListener@303f2ac6, org.springframework.boot.test.autoconfigure.web.client.MockRestServiceServerResetTestExecutionListener@514cf584, org.springframework.boot.test.autoconfigure.web.servlet.MockMvcPrintOnlyOnFailureTestExecutionListener@2a96f7e8, org.springframework.boot.test.autoconfigure.web.servlet.WebDriverTestExecutionListener@502154da, org.springframework.boot.test.mock.mockito.ResetMocksTestExecutionListener@19012d02]
22:51:37.429 [Test worker] DEBUG org.springframework.test.annotation.ProfileValueUtils - Retrieved @ProfileValueSourceConfiguration [null] for test class [com.pjh.board.springboot.web.ReplyApiControllerTest]
22:51:37.430 [Test worker] DEBUG org.springframework.test.annotation.ProfileValueUtils - Retrieved ProfileValueSource type [class org.springframework.test.annotation.SystemProfileValueSource] for class [com.pjh.board.springboot.web.ReplyApiControllerTest]
22:51:37.432 [Test worker] DEBUG org.springframework.test.annotation.ProfileValueUtils - Retrieved @ProfileValueSourceConfiguration [null] for test class [com.pjh.board.springboot.web.ReplyApiControllerTest]
22:51:37.432 [Test worker] DEBUG org.springframework.test.annotation.ProfileValueUtils - Retrieved ProfileValueSource type [class org.springframework.test.annotation.SystemProfileValueSource] for class [com.pjh.board.springboot.web.ReplyApiControllerTest]
22:51:37.433 [Test worker] DEBUG org.springframework.test.annotation.ProfileValueUtils - Retrieved @ProfileValueSourceConfiguration [null] for test class [com.pjh.board.springboot.web.ReplyApiControllerTest]
22:51:37.433 [Test worker] DEBUG org.springframework.test.annotation.ProfileValueUtils - Retrieved ProfileValueSource type [class org.springframework.test.annotation.SystemProfileValueSource] for class [com.pjh.board.springboot.web.ReplyApiControllerTest]
22:51:37.437 [Test worker] DEBUG org.springframework.test.context.support.AbstractDirtiesContextTestExecutionListener - Before test class: context [DefaultTestContext@370a1ec4 testClass = ReplyApiControllerTest, testInstance = [null], testMethod = [null], testException = [null], mergedContextConfiguration = [WebMergedContextConfiguration@ac3382d testClass = ReplyApiControllerTest, locations = '{}', classes = '{class com.pjh.board.springboot.Application}', contextInitializerClasses = '[]', activeProfiles = '{}', propertySourceLocations = '{}', propertySourceProperties = '{org.springframework.boot.test.context.SpringBootTestContextBootstrapper=true, server.port=0}', contextCustomizers = set[org.springframework.boot.test.autoconfigure.properties.PropertyMappingContextCustomizer@0, org.springframework.boot.test.autoconfigure.web.servlet.WebDriverContextCustomizerFactory$Customizer@754a6ded, org.springframework.boot.test.context.filter.ExcludeFilterContextCustomizer@6199ae83, org.springframework.boot.test.json.DuplicateJsonObjectContextCustomizerFactory$DuplicateJsonObjectContextCustomizer@7284cb18, org.springframework.boot.test.mock.mockito.MockitoContextCustomizer@0, org.springframework.boot.test.web.client.TestRestTemplateContextCustomizer@2792bf74], resourceBasePath = 'src/main/webapp', contextLoader = 'org.springframework.boot.test.context.SpringBootContextLoader', parent = [null]], attributes = map['org.springframework.test.context.web.ServletTestExecutionListener.activateListener' -> false]], class annotated with @DirtiesContext [false] with mode [null].
22:51:37.438 [Test worker] DEBUG org.springframework.test.annotation.ProfileValueUtils - Retrieved @ProfileValueSourceConfiguration [null] for test class [com.pjh.board.springboot.web.ReplyApiControllerTest]
22:51:37.438 [Test worker] DEBUG org.springframework.test.annotation.ProfileValueUtils - Retrieved ProfileValueSource type [class org.springframework.test.annotation.SystemProfileValueSource] for class [com.pjh.board.springboot.web.ReplyApiControllerTest]
22:51:37.442 [Test worker] DEBUG org.springframework.test.context.support.DependencyInjectionTestExecutionListener - Performing dependency injection for test context [[DefaultTestContext@370a1ec4 testClass = ReplyApiControllerTest, testInstance = com.pjh.board.springboot.web.ReplyApiControllerTest@6bc12ea0, testMethod = [null], testException = [null], mergedContextConfiguration = [WebMergedContextConfiguration@ac3382d testClass = ReplyApiControllerTest, locations = '{}', classes = '{class com.pjh.board.springboot.Application}', contextInitializerClasses = '[]', activeProfiles = '{}', propertySourceLocations = '{}', propertySourceProperties = '{org.springframework.boot.test.context.SpringBootTestContextBootstrapper=true, server.port=0}', contextCustomizers = set[org.springframework.boot.test.autoconfigure.properties.PropertyMappingContextCustomizer@0, org.springframework.boot.test.autoconfigure.web.servlet.WebDriverContextCustomizerFactory$Customizer@754a6ded, org.springframework.boot.test.context.filter.ExcludeFilterContextCustomizer@6199ae83, org.springframework.boot.test.json.DuplicateJsonObjectContextCustomizerFactory$DuplicateJsonObjectContextCustomizer@7284cb18, org.springframework.boot.test.mock.mockito.MockitoContextCustomizer@0, org.springframework.boot.test.web.client.TestRestTemplateContextCustomizer@2792bf74], resourceBasePath = 'src/main/webapp', contextLoader = 'org.springframework.boot.test.context.SpringBootContextLoader', parent = [null]], attributes = map['org.springframework.test.context.web.ServletTestExecutionListener.activateListener' -> false]]].
22:51:37.460 [Test worker] DEBUG org.springframework.test.context.support.TestPropertySourceUtils - Adding inlined properties to environment: {spring.jmx.enabled=false, org.springframework.boot.test.context.SpringBootTestContextBootstrapper=true, server.port=0}

  .   ____          _            __ _ _
 /\\ / ___'_ __ _ _(_)_ __  __ _ \ \ \ \
( ( )\___ | '_ | '_| | '_ \/ _` | \ \ \ \
 \\/  ___)| |_)| | | | | || (_| |  ) ) ) )
  '  |____| .__|_| |_|_| |_\__, | / / / /
 =========|_|==============|___/=/_/_/_/
 :: Spring Boot ::        (v2.1.7.RELEASE)

2020-03-23 22:51:37.694  INFO 22272 --- [    Test worker] c.p.b.s.web.ReplyApiControllerTest       : Starting ReplyApiControllerTest on DESKTOP-B7QEUCE with PID 22272 (started by Master in C:\Users\Master\IdeaProjects\springboot-webservice-board)
2020-03-23 22:51:37.695  INFO 22272 --- [    Test worker] c.p.b.s.web.ReplyApiControllerTest       : No active profile set, falling back to default profiles: default
2020-03-23 22:51:38.456  INFO 22272 --- [    Test worker] .s.d.r.c.RepositoryConfigurationDelegate : Bootstrapping Spring Data repositories in DEFAULT mode.
2020-03-23 22:51:38.562  INFO 22272 --- [    Test worker] .s.d.r.c.RepositoryConfigurationDelegate : Finished Spring Data repository scanning in 97ms. Found 3 repository interfaces.
2020-03-23 22:51:38.990  INFO 22272 --- [    Test worker] trationDelegate$BeanPostProcessorChecker : Bean 'org.springframework.transaction.annotation.ProxyTransactionManagementConfiguration' of type [org.springframework.transaction.annotation.ProxyTransactionManagementConfiguration$$EnhancerBySpringCGLIB$$e3074885] is not eligible for getting processed by all BeanPostProcessors (for example: not eligible for auto-proxying)
2020-03-23 22:51:39.378  INFO 22272 --- [    Test worker] o.s.b.w.embedded.tomcat.TomcatWebServer  : Tomcat initialized with port(s): 0 (http)
2020-03-23 22:51:39.403  INFO 22272 --- [    Test worker] o.apache.catalina.core.StandardService   : Starting service [Tomcat]
2020-03-23 22:51:39.403  INFO 22272 --- [    Test worker] org.apache.catalina.core.StandardEngine  : Starting Servlet engine: [Apache Tomcat/9.0.22]
2020-03-23 22:51:39.535  INFO 22272 --- [    Test worker] o.a.c.c.C.[Tomcat].[localhost].[/]       : Initializing Spring embedded WebApplicationContext
2020-03-23 22:51:39.535  INFO 22272 --- [    Test worker] o.s.web.context.ContextLoader            : Root WebApplicationContext: initialization completed in 1813 ms
2020-03-23 22:51:39.771  INFO 22272 --- [    Test worker] com.zaxxer.hikari.HikariDataSource       : HikariPool-1 - Starting...
2020-03-23 22:51:39.924  INFO 22272 --- [    Test worker] com.zaxxer.hikari.HikariDataSource       : HikariPool-1 - Start completed.
2020-03-23 22:51:40.025  INFO 22272 --- [    Test worker] o.hibernate.jpa.internal.util.LogHelper  : HHH000204: Processing PersistenceUnitInfo [
	name: default
	...]
2020-03-23 22:51:40.098  INFO 22272 --- [    Test worker] org.hibernate.Version                    : HHH000412: Hibernate Core {5.3.10.Final}
2020-03-23 22:51:40.100  INFO 22272 --- [    Test worker] org.hibernate.cfg.Environment            : HHH000206: hibernate.properties not found
2020-03-23 22:51:40.257  INFO 22272 --- [    Test worker] o.hibernate.annotations.common.Version   : HCANN000001: Hibernate Commons Annotations {5.0.4.Final}
2020-03-23 22:51:40.427  INFO 22272 --- [    Test worker] org.hibernate.dialect.Dialect            : HHH000400: Using dialect: org.hibernate.dialect.H2Dialect
2020-03-23 22:51:41.140  INFO 22272 --- [    Test worker] o.h.t.schema.internal.SchemaCreatorImpl  : HHH000476: Executing import script 'org.hibernate.tool.schema.internal.exec.ScriptSourceInputNonExistentImpl@a38dee1'
2020-03-23 22:51:41.143  INFO 22272 --- [    Test worker] j.LocalContainerEntityManagerFactoryBean : Initialized JPA EntityManagerFactory for persistence unit 'default'
2020-03-23 22:51:41.979  INFO 22272 --- [    Test worker] o.h.h.i.QueryTranslatorFactoryInitiator  : HHH000397: Using ASTQueryTranslatorFactory
2020-03-23 22:51:42.408  INFO 22272 --- [    Test worker] o.s.s.web.DefaultSecurityFilterChain     : Creating filter chain: any request, [org.springframework.security.web.context.request.async.WebAsyncManagerIntegrationFilter@6476306a, org.springframework.security.web.context.SecurityContextPersistenceFilter@4d4f3d69, org.springframework.security.web.header.HeaderWriterFilter@fa1e272, org.springframework.security.web.authentication.logout.LogoutFilter@58f6097, org.springframework.security.oauth2.client.web.OAuth2AuthorizationRequestRedirectFilter@6f696741, org.springframework.security.oauth2.client.web.OAuth2LoginAuthenticationFilter@6dc44ab7, org.springframework.security.web.authentication.ui.DefaultLoginPageGeneratingFilter@1e492ed2, org.springframework.security.web.authentication.ui.DefaultLogoutPageGeneratingFilter@43ab5d01, org.springframework.security.web.savedrequest.RequestCacheAwareFilter@279c9b36, org.springframework.security.web.servletapi.SecurityContextHolderAwareRequestFilter@19ed6fce, org.springframework.security.web.authentication.AnonymousAuthenticationFilter@344a9cff, org.springframework.security.web.session.SessionManagementFilter@1bfa893f, org.springframework.security.web.access.ExceptionTranslationFilter@cc4f3f4, org.springframework.security.web.access.intercept.FilterSecurityInterceptor@4caf8b48]
2020-03-23 22:51:42.784  INFO 22272 --- [    Test worker] o.s.s.concurrent.ThreadPoolTaskExecutor  : Initializing ExecutorService 'applicationTaskExecutor'
2020-03-23 22:51:42.846  WARN 22272 --- [    Test worker] aWebConfiguration$JpaWebMvcConfiguration : spring.jpa.open-in-view is enabled by default. Therefore, database queries may be performed during view rendering. Explicitly configure spring.jpa.open-in-view to disable this warning
2020-03-23 22:51:42.899  INFO 22272 --- [    Test worker] o.s.b.a.w.s.WelcomePageHandlerMapping    : Adding welcome page template: index
2020-03-23 22:51:43.264  INFO 22272 --- [    Test worker] s.a.ScheduledAnnotationBeanPostProcessor : No TaskScheduler/ScheduledExecutorService bean found for scheduled processing
2020-03-23 22:51:43.291  INFO 22272 --- [    Test worker] o.s.b.w.embedded.tomcat.TomcatWebServer  : Tomcat started on port(s): 51457 (http) with context path ''
2020-03-23 22:51:43.293  INFO 22272 --- [    Test worker] c.p.b.s.web.ReplyApiControllerTest       : Started ReplyApiControllerTest in 5.832 seconds (JVM running for 6.804)
2020-03-23 22:51:43.364  INFO 22272 --- [    Test worker] o.a.c.c.C.[Tomcat].[localhost].[/]       : Initializing Spring TestDispatcherServlet ''
2020-03-23 22:51:43.364  INFO 22272 --- [    Test worker] o.s.t.web.servlet.TestDispatcherServlet  : Initializing Servlet ''
2020-03-23 22:51:43.377  INFO 22272 --- [    Test worker] o.s.t.web.servlet.TestDispatcherServlet  : Completed initialization in 13 ms
]]></system-out>
  <system-err><![CDATA[]]></system-err>
</testsuite>
