<?xml version="1.0" encoding="UTF-8"?>
<testsuite name="com.pjh.board.springboot.domain.posts.PostRepositoryTest" tests="2" skipped="0" failures="0" errors="0" timestamp="2020-03-11T06:36:45" hostname="DESKTOP-B7QEUCE" time="0.028">
  <properties/>
  <testcase name="게시글저장_불러오기" classname="com.pjh.board.springboot.domain.posts.PostRepositoryTest" time="0.018"/>
  <testcase name="BaseTimeEntity_등록" classname="com.pjh.board.springboot.domain.posts.PostRepositoryTest" time="0.009"/>
  <system-out><![CDATA[2020-03-11 15:36:43.467  INFO 1480 --- [    Test worker] .b.t.c.SpringBootTestContextBootstrapper : Neither @ContextConfiguration nor @ContextHierarchy found for test class [com.pjh.board.springboot.domain.posts.PostRepositoryTest], using SpringBootContextLoader
2020-03-11 15:36:43.468  INFO 1480 --- [    Test worker] o.s.t.c.support.AbstractContextLoader    : Could not detect default resource locations for test class [com.pjh.board.springboot.domain.posts.PostRepositoryTest]: no resource found for suffixes {-context.xml, Context.groovy}.
2020-03-11 15:36:43.468  INFO 1480 --- [    Test worker] t.c.s.AnnotationConfigContextLoaderUtils : Could not detect default configuration classes for test class [com.pjh.board.springboot.domain.posts.PostRepositoryTest]: PostRepositoryTest does not declare any static, non-private, non-final, nested classes annotated with @Configuration.
2020-03-11 15:36:43.476  INFO 1480 --- [    Test worker] .b.t.c.SpringBootTestContextBootstrapper : Found @SpringBootConfiguration com.pjh.board.springboot.Application for test class com.pjh.board.springboot.domain.posts.PostRepositoryTest
2020-03-11 15:36:43.477  INFO 1480 --- [    Test worker] .b.t.c.SpringBootTestContextBootstrapper : Loaded default TestExecutionListener class names from location [META-INF/spring.factories]: [org.springframework.security.test.context.support.WithSecurityContextTestExecutionListener, org.springframework.security.test.context.support.ReactorContextTestExecutionListener, org.springframework.boot.test.autoconfigure.restdocs.RestDocsTestExecutionListener, org.springframework.boot.test.autoconfigure.web.client.MockRestServiceServerResetTestExecutionListener, org.springframework.boot.test.autoconfigure.web.servlet.MockMvcPrintOnlyOnFailureTestExecutionListener, org.springframework.boot.test.autoconfigure.web.servlet.WebDriverTestExecutionListener, org.springframework.boot.test.mock.mockito.MockitoTestExecutionListener, org.springframework.boot.test.mock.mockito.ResetMocksTestExecutionListener, org.springframework.test.context.web.ServletTestExecutionListener, org.springframework.test.context.support.DirtiesContextBeforeModesTestExecutionListener, org.springframework.test.context.support.DependencyInjectionTestExecutionListener, org.springframework.test.context.support.DirtiesContextTestExecutionListener, org.springframework.test.context.transaction.TransactionalTestExecutionListener, org.springframework.test.context.jdbc.SqlScriptsTestExecutionListener]
2020-03-11 15:36:43.478  INFO 1480 --- [    Test worker] .b.t.c.SpringBootTestContextBootstrapper : Using TestExecutionListeners: [org.springframework.test.context.web.ServletTestExecutionListener@7a13b5fc, org.springframework.test.context.support.DirtiesContextBeforeModesTestExecutionListener@6a4c6acc, org.springframework.boot.test.mock.mockito.MockitoTestExecutionListener@7ab21ee, org.springframework.boot.test.autoconfigure.SpringBootDependencyInjectionTestExecutionListener@67db8b30, org.springframework.test.context.support.DirtiesContextTestExecutionListener@806e62, org.springframework.test.context.transaction.TransactionalTestExecutionListener@9136eb4, org.springframework.test.context.jdbc.SqlScriptsTestExecutionListener@57e99a29, org.springframework.security.test.context.support.WithSecurityContextTestExecutionListener@6cd019ef, org.springframework.security.test.context.support.ReactorContextTestExecutionListener@6fa08969, org.springframework.boot.test.autoconfigure.restdocs.RestDocsTestExecutionListener@7d542ce7, org.springframework.boot.test.autoconfigure.web.client.MockRestServiceServerResetTestExecutionListener@6677d9b6, org.springframework.boot.test.autoconfigure.web.servlet.MockMvcPrintOnlyOnFailureTestExecutionListener@a04bbf6, org.springframework.boot.test.autoconfigure.web.servlet.WebDriverTestExecutionListener@6184801e, org.springframework.boot.test.mock.mockito.ResetMocksTestExecutionListener@3debbbdd]

  .   ____          _            __ _ _
 /\\ / ___'_ __ _ _(_)_ __  __ _ \ \ \ \
( ( )\___ | '_ | '_| | '_ \/ _` | \ \ \ \
 \\/  ___)| |_)| | | | | || (_| |  ) ) ) )
  '  |____| .__|_| |_|_| |_\__, | / / / /
 =========|_|==============|___/=/_/_/_/
 :: Spring Boot ::        (v2.1.7.RELEASE)

2020-03-11 15:36:43.508  INFO 1480 --- [    Test worker] c.p.b.s.domain.posts.PostRepositoryTest  : Starting PostRepositoryTest on DESKTOP-B7QEUCE with PID 1480 (started by Master in C:\Users\Master\IdeaProjects\springboot-webservice-board)
2020-03-11 15:36:43.509  INFO 1480 --- [    Test worker] c.p.b.s.domain.posts.PostRepositoryTest  : No active profile set, falling back to default profiles: default
2020-03-11 15:36:43.722  INFO 1480 --- [    Test worker] .s.d.r.c.RepositoryConfigurationDelegate : Bootstrapping Spring Data repositories in DEFAULT mode.
2020-03-11 15:36:43.738  INFO 1480 --- [    Test worker] .s.d.r.c.RepositoryConfigurationDelegate : Finished Spring Data repository scanning in 15ms. Found 2 repository interfaces.
2020-03-11 15:36:43.835  INFO 1480 --- [    Test worker] trationDelegate$BeanPostProcessorChecker : Bean 'org.springframework.transaction.annotation.ProxyTransactionManagementConfiguration' of type [org.springframework.transaction.annotation.ProxyTransactionManagementConfiguration$$EnhancerBySpringCGLIB$$fecd580b] is not eligible for getting processed by all BeanPostProcessors (for example: not eligible for auto-proxying)
2020-03-11 15:36:43.919  INFO 1480 --- [    Test worker] com.zaxxer.hikari.HikariDataSource       : HikariPool-2 - Starting...
2020-03-11 15:36:43.920  INFO 1480 --- [    Test worker] com.zaxxer.hikari.HikariDataSource       : HikariPool-2 - Start completed.
2020-03-11 15:36:43.943  INFO 1480 --- [    Test worker] o.hibernate.jpa.internal.util.LogHelper  : HHH000204: Processing PersistenceUnitInfo [
	name: default
	...]
2020-03-11 15:36:43.951  INFO 1480 --- [    Test worker] org.hibernate.dialect.Dialect            : HHH000400: Using dialect: org.hibernate.dialect.H2Dialect
2020-03-11 15:36:43.989  INFO 1480 --- [    Test worker] o.h.t.schema.internal.SchemaCreatorImpl  : HHH000476: Executing import script 'org.hibernate.tool.schema.internal.exec.ScriptSourceInputNonExistentImpl@2d8d39f0'
2020-03-11 15:36:43.989  INFO 1480 --- [    Test worker] j.LocalContainerEntityManagerFactoryBean : Initialized JPA EntityManagerFactory for persistence unit 'default'
2020-03-11 15:36:44.167  INFO 1480 --- [    Test worker] o.h.h.i.QueryTranslatorFactoryInitiator  : HHH000397: Using ASTQueryTranslatorFactory
2020-03-11 15:36:44.319  INFO 1480 --- [    Test worker] o.s.s.web.DefaultSecurityFilterChain     : Creating filter chain: any request, [org.springframework.security.web.context.request.async.WebAsyncManagerIntegrationFilter@63fbf530, org.springframework.security.web.context.SecurityContextPersistenceFilter@522cbccd, org.springframework.security.web.header.HeaderWriterFilter@bf8a628, org.springframework.security.web.authentication.logout.LogoutFilter@3a7b9a16, org.springframework.security.oauth2.client.web.OAuth2AuthorizationRequestRedirectFilter@4543789e, org.springframework.security.oauth2.client.web.OAuth2LoginAuthenticationFilter@436a809e, org.springframework.security.web.authentication.ui.DefaultLoginPageGeneratingFilter@d0695af, org.springframework.security.web.authentication.ui.DefaultLogoutPageGeneratingFilter@6f84a9fa, org.springframework.security.web.savedrequest.RequestCacheAwareFilter@1ce698, org.springframework.security.web.servletapi.SecurityContextHolderAwareRequestFilter@4e9bc955, org.springframework.security.web.authentication.AnonymousAuthenticationFilter@31ddab1c, org.springframework.security.web.session.SessionManagementFilter@7b871b22, org.springframework.security.web.access.ExceptionTranslationFilter@6b7732b2, org.springframework.security.web.access.intercept.FilterSecurityInterceptor@70ef9396]
2020-03-11 15:36:44.590  INFO 1480 --- [    Test worker] o.s.s.concurrent.ThreadPoolTaskExecutor  : Initializing ExecutorService 'applicationTaskExecutor'
2020-03-11 15:36:44.604  WARN 1480 --- [    Test worker] aWebConfiguration$JpaWebMvcConfiguration : spring.jpa.open-in-view is enabled by default. Therefore, database queries may be performed during view rendering. Explicitly configure spring.jpa.open-in-view to disable this warning
2020-03-11 15:36:44.635  INFO 1480 --- [    Test worker] o.s.b.a.w.s.WelcomePageHandlerMapping    : Adding welcome page template: index
2020-03-11 15:36:45.062  INFO 1480 --- [    Test worker] s.a.ScheduledAnnotationBeanPostProcessor : No TaskScheduler/ScheduledExecutorService bean found for scheduled processing
2020-03-11 15:36:45.064  INFO 1480 --- [    Test worker] c.p.b.s.domain.posts.PostRepositoryTest  : Started PostRepositoryTest in 1.58 seconds (JVM running for 8.736)
>>>>>>>>>>>>> createDate=2020-03-11T15:36:45.090, modifiedDate=2020-03-11T15:36:45.090
]]></system-out>
  <system-err><![CDATA[]]></system-err>
</testsuite>
